2020-12-28 14:50:38,018	Batch Processor	INFO	Config file loaded and logger created.
2020-12-28 14:50:38,020	Batch Processor	INFO	18 scenarios skipped.
2020-12-28 14:50:38,020	Batch Processor	INFO	ScenarioLoader Mode <RANDOM>
2020-12-28 14:50:38,020	Batch Processor	INFO	Processing 3 scenarios:
2020-12-28 14:50:38,020	Batch Processor	INFO	   1 BEL_Wervik-1_4_T-1
2020-12-28 14:50:38,020	Batch Processor	INFO	   2 DEU_Flensburg-41_1_T-1
2020-12-28 14:50:38,020	Batch Processor	INFO	   3 ESP_Toledo-22_1_T-1
2020-12-28 14:50:38,050	Batch Processor	INFO	Automaton loaded for vehicle type: BMW_320i
2020-12-28 14:50:38,050	Batch Processor	INFO	Motion planner: astar
2020-12-28 14:50:38,199	Batch Processor	INFO	Number of parallel processes: 6
2020-12-28 14:51:08,492	Batch Processor	INFO	==============================        Search Results        ==============================
2020-12-28 14:51:08,493	Batch Processor	INFO	[BEL_Wervik-1_4_T-1            ]	<SUCCESS>	 Time [ms]:	   408	
2020-12-28 14:51:08,493	Batch Processor	INFO	[DEU_Flensburg-41_1_T-1        ]	<TIMEOUT>	 Time [ms]:	 30000
2020-12-28 14:51:08,494	Batch Processor	INFO	[ESP_Toledo-22_1_T-1           ]	<SUCCESS>	 Time [ms]:	   374	
2020-12-28 14:51:08,494	Batch Processor	INFO	==============================        Solution found        ==============================
	- BEL_Wervik-1_4_T-1
	- ESP_Toledo-22_1_T-1
2020-12-28 14:51:08,495	Batch Processor	INFO	==============================           Time out           ==============================
	- DEU_Flensburg-41_1_T-1
2020-12-28 14:51:08,495	Batch Processor	INFO	
==============================        Result Summary        ==============================
2020-12-28 14:51:08,495	Batch Processor	INFO	Total number of scenarios:  	         3
2020-12-28 14:51:08,495	Batch Processor	INFO	Solution found:               	         2
2020-12-28 14:51:08,495	Batch Processor	INFO	Solution found but invalid:   	         0
2020-12-28 14:51:08,496	Batch Processor	INFO	Solution not found:           	         0
2020-12-28 14:51:08,496	Batch Processor	INFO	Exception occurred:           	         0
2020-12-28 14:51:08,496	Batch Processor	INFO	Time out:                     	         1
